<?xml version="1.0" ?>
<testsuites disabled="0" errors="0" failures="0" tests="5" time="26.935330629348755" name="SST TESTING FRAMEWORKS">
	<testsuite disabled="0" errors="0" failures="0" name="testsuite_default_Messier" skipped="0" tests="5" time="26.935330629348755">
		<testcase name="test_Messier_gupsgen" time="6.172330" timestamp="2023_0310_07:10:42.565290 utc" classname="testcase_Messier_Component"/>
		<testcase name="test_Messier_gupsgen_2RANKS" time="6.184642" timestamp="2023_0310_07:10:48.737693 utc" classname="testcase_Messier_Component"/>
		<testcase name="test_Messier_gupsgen_fastNVM" time="1.538983" timestamp="2023_0310_07:10:54.922420 utc" classname="testcase_Messier_Component"/>
		<testcase name="test_Messier_stencil3dbench_messier" time="11.407840" timestamp="2023_0310_07:10:56.461482 utc" classname="testcase_Messier_Component"/>
		<testcase name="test_Messier_streambench_messier" time="1.631535" timestamp="2023_0310_07:11:07.869403 utc" classname="testcase_Messier_Component"/>
	</testsuite>
</testsuites>
