<?xml version="1.0" ?>
<testsuites disabled="0" errors="0" failures="0" tests="126" time="112.60980081558228" name="SST TESTING FRAMEWORKS">
	<testsuite disabled="0" errors="0" failures="0" name="testsuite_default_ember_ESshmem" skipped="0" tests="126" time="112.60980081558228">
		<testcase name="test_Ember_ESshmem_001_20e886bfb7e3fea793bf0029e431d1a7" time="0.305582" timestamp="2023_0310_07:11:25.720985 utc" classname="testcase_Ember_ESshmem"/>
		<testcase name="test_Ember_ESshmem_002_c4a74c672da38bc35a2cb3480313498d" time="0.508978" timestamp="2023_0310_07:11:26.026643 utc" classname="testcase_Ember_ESshmem"/>
		<testcase name="test_Ember_ESshmem_003_5f6021f216b371bf4d4834218ce3f1bb" time="0.235670" timestamp="2023_0310_07:11:26.535810 utc" classname="testcase_Ember_ESshmem"/>
		<testcase name="test_Ember_ESshmem_004_6eec970b3269d9eb2be6c4f09a9d9080" time="0.591249" timestamp="2023_0310_07:11:26.771566 utc" classname="testcase_Ember_ESshmem"/>
		<testcase name="test_Ember_ESshmem_005_e8cdf1a1a4aa5a7749048c7dcf67ca6a" time="0.225636" timestamp="2023_0310_07:11:27.362898 utc" classname="testcase_Ember_ESshmem"/>
		<testcase name="test_Ember_ESshmem_006_f4b15be14bba163dcb2e4b642a8e3c6b" time="0.422317" timestamp="2023_0310_07:11:27.588625 utc" classname="testcase_Ember_ESshmem"/>
		<testcase name="test_Ember_ESshmem_007_4235171596788b842de423b0460c86bf" time="0.571598" timestamp="2023_0310_07:11:28.011024 utc" classname="testcase_Ember_ESshmem"/>
		<testcase name="test_Ember_ESshmem_008_50014f8db405b6e51a00abfe86d18a1d" time="0.233573" timestamp="2023_0310_07:11:28.582701 utc" classname="testcase_Ember_ESshmem"/>
		<testcase name="test_Ember_ESshmem_009_1ac054980eba5eb13f6207cbeb051ec1" time="0.438621" timestamp="2023_0310_07:11:28.816365 utc" classname="testcase_Ember_ESshmem"/>
		<testcase name="test_Ember_ESshmem_010_99228b3dadbc45188e37e3b75ca6ce2c" time="0.791449" timestamp="2023_0310_07:11:29.255088 utc" classname="testcase_Ember_ESshmem"/>
		<testcase name="test_Ember_ESshmem_011_56897b7251e2e665f33199f82e1e266f" time="0.237165" timestamp="2023_0310_07:11:30.046615 utc" classname="testcase_Ember_ESshmem"/>
		<testcase name="test_Ember_ESshmem_012_23059a7933b94bb77d0d8cfa22e0aa4e" time="0.236591" timestamp="2023_0310_07:11:30.283860 utc" classname="testcase_Ember_ESshmem"/>
		<testcase name="test_Ember_ESshmem_013_063af3e51e2f826e19f23ff10b4c5f18" time="0.392446" timestamp="2023_0310_07:11:30.520545 utc" classname="testcase_Ember_ESshmem"/>
		<testcase name="test_Ember_ESshmem_014_956cd31d0521f9dcaba85af469a68d12" time="11.212120" timestamp="2023_0310_07:11:30.913086 utc" classname="testcase_Ember_ESshmem"/>
		<testcase name="test_Ember_ESshmem_015_d1beb5787ff77daf730c9daae83ede51" time="11.616202" timestamp="2023_0310_07:11:42.125293 utc" classname="testcase_Ember_ESshmem"/>
		<testcase name="test_Ember_ESshmem_016_05ae92ecd0fa12d89b96b8fbfffbe178" time="11.900553" timestamp="2023_0310_07:11:53.741575 utc" classname="testcase_Ember_ESshmem"/>
		<testcase name="test_Ember_ESshmem_017_b13fd8d32deb6af396771612e8dcbc6a" time="1.264329" timestamp="2023_0310_07:12:05.642214 utc" classname="testcase_Ember_ESshmem"/>
		<testcase name="test_Ember_ESshmem_018_bfcbcc3439246ee8bb3b9e1416b023b5" time="0.225194" timestamp="2023_0310_07:12:06.906625 utc" classname="testcase_Ember_ESshmem"/>
		<testcase name="test_Ember_ESshmem_019_96ef09125604ac671e202d0381740c25" time="0.397977" timestamp="2023_0310_07:12:07.131894 utc" classname="testcase_Ember_ESshmem"/>
		<testcase name="test_Ember_ESshmem_020_63c2acc33f4874da276c95f2347fac8d" time="11.382489" timestamp="2023_0310_07:12:07.529960 utc" classname="testcase_Ember_ESshmem"/>
		<testcase name="test_Ember_ESshmem_021_523b7c722410ba2b98dcc36846ff5314" time="11.921806" timestamp="2023_0310_07:12:18.912530 utc" classname="testcase_Ember_ESshmem"/>
		<testcase name="test_Ember_ESshmem_022_1d9cb27f2056df62e8aedc95fdf7796c" time="11.557188" timestamp="2023_0310_07:12:30.834418 utc" classname="testcase_Ember_ESshmem"/>
		<testcase name="test_Ember_ESshmem_023_ab1add1f35f90727eea910bf7e0f81b9" time="1.299892" timestamp="2023_0310_07:12:42.391679 utc" classname="testcase_Ember_ESshmem"/>
		<testcase name="test_Ember_ESshmem_024_2de75935ea9979e9394f939a035740ce" time="0.221057" timestamp="2023_0310_07:12:43.691647 utc" classname="testcase_Ember_ESshmem"/>
		<testcase name="test_Ember_ESshmem_025_0deb75644ef4c5b55526ea13acac9ddf" time="0.305547" timestamp="2023_0310_07:12:43.912776 utc" classname="testcase_Ember_ESshmem"/>
		<testcase name="test_Ember_ESshmem_026_d6c2fbe70743ecc9031e38e09cafaa6e" time="0.238518" timestamp="2023_0310_07:12:44.218399 utc" classname="testcase_Ember_ESshmem"/>
		<testcase name="test_Ember_ESshmem_027_caeb6c8c3f6fd743b585740f6e3d9061" time="0.314207" timestamp="2023_0310_07:12:44.456995 utc" classname="testcase_Ember_ESshmem"/>
		<testcase name="test_Ember_ESshmem_028_7fca3bd3526e00cdad7d54637acf2f39" time="0.234909" timestamp="2023_0310_07:12:44.771280 utc" classname="testcase_Ember_ESshmem"/>
		<testcase name="test_Ember_ESshmem_029_392adc0ace3695154d667a5058987354" time="0.409219" timestamp="2023_0310_07:12:45.006289 utc" classname="testcase_Ember_ESshmem"/>
		<testcase name="test_Ember_ESshmem_030_11fa136c6e5730f03f97c2df2ac025ce" time="0.420634" timestamp="2023_0310_07:12:45.415587 utc" classname="testcase_Ember_ESshmem"/>
		<testcase name="test_Ember_ESshmem_031_1f0d8f7ed71092af5eb66728d370ae38" time="0.220975" timestamp="2023_0310_07:12:45.836294 utc" classname="testcase_Ember_ESshmem"/>
		<testcase name="test_Ember_ESshmem_032_b357e0efaecab3d206b4f8d3cb2c7dd4" time="0.405736" timestamp="2023_0310_07:12:46.057346 utc" classname="testcase_Ember_ESshmem"/>
		<testcase name="test_Ember_ESshmem_033_bf02d08d8b5b22aa1099cd3467706e85" time="0.490486" timestamp="2023_0310_07:12:46.463164 utc" classname="testcase_Ember_ESshmem"/>
		<testcase name="test_Ember_ESshmem_034_90c12d7662800886091a47fbdfde7163" time="0.223126" timestamp="2023_0310_07:12:46.953727 utc" classname="testcase_Ember_ESshmem"/>
		<testcase name="test_Ember_ESshmem_035_3baeef25ec6a74a92ea77394b2352c73" time="0.497710" timestamp="2023_0310_07:12:47.176927 utc" classname="testcase_Ember_ESshmem"/>
		<testcase name="test_Ember_ESshmem_036_069e097dc752bdd149b0030377dcd9cc" time="0.525565" timestamp="2023_0310_07:12:47.674726 utc" classname="testcase_Ember_ESshmem"/>
		<testcase name="test_Ember_ESshmem_037_7c2b015c842bda7609bdd3cd3c39d0ba" time="0.219020" timestamp="2023_0310_07:12:48.200381 utc" classname="testcase_Ember_ESshmem"/>
		<testcase name="test_Ember_ESshmem_038_f55df8a1f4a9fcd6e2b04035137cf354" time="0.508707" timestamp="2023_0310_07:12:48.419472 utc" classname="testcase_Ember_ESshmem"/>
		<testcase name="test_Ember_ESshmem_039_5dd729022a960da0a9ac163d18f88184" time="0.588821" timestamp="2023_0310_07:12:48.928254 utc" classname="testcase_Ember_ESshmem"/>
		<testcase name="test_Ember_ESshmem_040_c7baae57caeb4b68703225f0a81f71a8" time="0.221270" timestamp="2023_0310_07:12:49.517148 utc" classname="testcase_Ember_ESshmem"/>
		<testcase name="test_Ember_ESshmem_041_15d334d388a4ce0b4c6ad5a744291707" time="0.217678" timestamp="2023_0310_07:12:49.738492 utc" classname="testcase_Ember_ESshmem"/>
		<testcase name="test_Ember_ESshmem_042_e3839497ee5efcbc0e2c02f5aff5e9fa" time="0.214801" timestamp="2023_0310_07:12:49.956246 utc" classname="testcase_Ember_ESshmem"/>
		<testcase name="test_Ember_ESshmem_043_ce495bcfcdec30c37bf956ac9237b5bb" time="0.221100" timestamp="2023_0310_07:12:50.171132 utc" classname="testcase_Ember_ESshmem"/>
		<testcase name="test_Ember_ESshmem_044_10b8a688bf73c255be048643c466d53c" time="0.222590" timestamp="2023_0310_07:12:50.392317 utc" classname="testcase_Ember_ESshmem"/>
		<testcase name="test_Ember_ESshmem_045_220a2bbb0022e7a7edfe41f7381109cc" time="0.220027" timestamp="2023_0310_07:12:50.614985 utc" classname="testcase_Ember_ESshmem"/>
		<testcase name="test_Ember_ESshmem_046_24aa3f67dc3169fdeb12b24133540c40" time="0.215674" timestamp="2023_0310_07:12:50.835087 utc" classname="testcase_Ember_ESshmem"/>
		<testcase name="test_Ember_ESshmem_047_65457bdb91c90a0d5994093f1a032f42" time="0.217570" timestamp="2023_0310_07:12:51.050831 utc" classname="testcase_Ember_ESshmem"/>
		<testcase name="test_Ember_ESshmem_048_f0cad1d67e4c255cb2d1f426b6806371" time="0.217748" timestamp="2023_0310_07:12:51.268478 utc" classname="testcase_Ember_ESshmem"/>
		<testcase name="test_Ember_ESshmem_049_8b99377ee1e99b887a79e8dd95ba0e14" time="0.217720" timestamp="2023_0310_07:12:51.486304 utc" classname="testcase_Ember_ESshmem"/>
		<testcase name="test_Ember_ESshmem_050_762328d5d6adafa312ab9c649cfd1aea" time="0.217207" timestamp="2023_0310_07:12:51.704105 utc" classname="testcase_Ember_ESshmem"/>
		<testcase name="test_Ember_ESshmem_051_8a1e3d64ded1d806a170e903521591f4" time="0.219173" timestamp="2023_0310_07:12:51.921383 utc" classname="testcase_Ember_ESshmem"/>
		<testcase name="test_Ember_ESshmem_052_5e38fd7d5d594679d887fee9728e4435" time="0.221693" timestamp="2023_0310_07:12:52.140635 utc" classname="testcase_Ember_ESshmem"/>
		<testcase name="test_Ember_ESshmem_053_641335334c8a3f637d657906f3a7c10e" time="0.225738" timestamp="2023_0310_07:12:52.362413 utc" classname="testcase_Ember_ESshmem"/>
		<testcase name="test_Ember_ESshmem_054_166e5a405187a3cd2672bd9f9e230636" time="0.215390" timestamp="2023_0310_07:12:52.588239 utc" classname="testcase_Ember_ESshmem"/>
		<testcase name="test_Ember_ESshmem_055_bbf096f5c13274e454d1071a21be1ff0" time="0.218194" timestamp="2023_0310_07:12:52.803708 utc" classname="testcase_Ember_ESshmem"/>
		<testcase name="test_Ember_ESshmem_056_03b39041a6953d56d4ab3ed44d3d808f" time="0.218023" timestamp="2023_0310_07:12:53.022007 utc" classname="testcase_Ember_ESshmem"/>
		<testcase name="test_Ember_ESshmem_057_43349e16f8d84e6d6be356c0e295dcc2" time="0.216423" timestamp="2023_0310_07:12:53.240112 utc" classname="testcase_Ember_ESshmem"/>
		<testcase name="test_Ember_ESshmem_058_1d4b31a6677748ed649a0dad981f44f1" time="0.220510" timestamp="2023_0310_07:12:53.456609 utc" classname="testcase_Ember_ESshmem"/>
		<testcase name="test_Ember_ESshmem_059_5889dd20792ae804f6621a40ce618990" time="0.218222" timestamp="2023_0310_07:12:53.677196 utc" classname="testcase_Ember_ESshmem"/>
		<testcase name="test_Ember_ESshmem_060_dd79e49a68939928072188bba6f57249" time="0.218176" timestamp="2023_0310_07:12:53.895527 utc" classname="testcase_Ember_ESshmem"/>
		<testcase name="test_Ember_ESshmem_061_fed6c149bcf87264b06fe224e59e1e9d" time="0.217019" timestamp="2023_0310_07:12:54.113777 utc" classname="testcase_Ember_ESshmem"/>
		<testcase name="test_Ember_ESshmem_062_ca0d18bb4120ac55076dc8e06162eace" time="0.223619" timestamp="2023_0310_07:12:54.330877 utc" classname="testcase_Ember_ESshmem"/>
		<testcase name="test_Ember_ESshmem_063_67512825a65816363335bd86cd23044f" time="0.223069" timestamp="2023_0310_07:12:54.554579 utc" classname="testcase_Ember_ESshmem"/>
		<testcase name="test_Ember_ESshmem_064_cf6baf07c1dc268f5a18c56cea05a7c0" time="0.220959" timestamp="2023_0310_07:12:54.777727 utc" classname="testcase_Ember_ESshmem"/>
		<testcase name="test_Ember_ESshmem_065_e800535bfb11bef3874730b4031b2f5a" time="0.218782" timestamp="2023_0310_07:12:54.998762 utc" classname="testcase_Ember_ESshmem"/>
		<testcase name="test_Ember_ESshmem_066_7dc7594c195ea2175045f2cde4305e03" time="0.216879" timestamp="2023_0310_07:12:55.217616 utc" classname="testcase_Ember_ESshmem"/>
		<testcase name="test_Ember_ESshmem_067_447d697538f54ab583eaf945c6fcec67" time="0.220583" timestamp="2023_0310_07:12:55.434576 utc" classname="testcase_Ember_ESshmem"/>
		<testcase name="test_Ember_ESshmem_068_380531d42f55da530db1700f3ca56e53" time="0.221691" timestamp="2023_0310_07:12:55.655242 utc" classname="testcase_Ember_ESshmem"/>
		<testcase name="test_Ember_ESshmem_069_5999458e5744c2ef1c5e093052167909" time="0.220013" timestamp="2023_0310_07:12:55.877012 utc" classname="testcase_Ember_ESshmem"/>
		<testcase name="test_Ember_ESshmem_070_dce10c52a0044b4bbe8b8156a54f9abb" time="0.220015" timestamp="2023_0310_07:12:56.097104 utc" classname="testcase_Ember_ESshmem"/>
		<testcase name="test_Ember_ESshmem_071_0ec0a744056ca006c3c32d1713e37bc4" time="0.218247" timestamp="2023_0310_07:12:56.317192 utc" classname="testcase_Ember_ESshmem"/>
		<testcase name="test_Ember_ESshmem_072_79bb3f25e52aa82a26a5c8f0f2220f78" time="0.221766" timestamp="2023_0310_07:12:56.535526 utc" classname="testcase_Ember_ESshmem"/>
		<testcase name="test_Ember_ESshmem_073_9568ccf105c1194097791b215b5f9ce3" time="0.220140" timestamp="2023_0310_07:12:56.757368 utc" classname="testcase_Ember_ESshmem"/>
		<testcase name="test_Ember_ESshmem_074_db2fd0c64381e8be1bb1c5833c5565a9" time="0.219273" timestamp="2023_0310_07:12:56.977584 utc" classname="testcase_Ember_ESshmem"/>
		<testcase name="test_Ember_ESshmem_075_d9aa42f978cd1b02745830c0278eb1ac" time="0.220190" timestamp="2023_0310_07:12:57.196936 utc" classname="testcase_Ember_ESshmem"/>
		<testcase name="test_Ember_ESshmem_076_bfcc8f71df02f5fcff4dbf5884502821" time="0.219481" timestamp="2023_0310_07:12:57.417203 utc" classname="testcase_Ember_ESshmem"/>
		<testcase name="test_Ember_ESshmem_077_4a11045ae8800841eb55287da0c1a526" time="0.220676" timestamp="2023_0310_07:12:57.636760 utc" classname="testcase_Ember_ESshmem"/>
		<testcase name="test_Ember_ESshmem_078_5ae0e0bbb821c1d28bb75cf85016a3aa" time="0.220882" timestamp="2023_0310_07:12:57.857522 utc" classname="testcase_Ember_ESshmem"/>
		<testcase name="test_Ember_ESshmem_079_e016c98b90ae3b39114dd9b6a7db202a" time="0.219673" timestamp="2023_0310_07:12:58.078482 utc" classname="testcase_Ember_ESshmem"/>
		<testcase name="test_Ember_ESshmem_080_03f2b1fed5dcd9847a701237c754249a" time="0.220975" timestamp="2023_0310_07:12:58.298238 utc" classname="testcase_Ember_ESshmem"/>
		<testcase name="test_Ember_ESshmem_081_b5107315bd48cb43a7823762ebb9531b" time="0.222586" timestamp="2023_0310_07:12:58.519287 utc" classname="testcase_Ember_ESshmem"/>
		<testcase name="test_Ember_ESshmem_082_ccf9f70aca6488302d4eed5048e105b1" time="0.223928" timestamp="2023_0310_07:12:58.741950 utc" classname="testcase_Ember_ESshmem"/>
		<testcase name="test_Ember_ESshmem_083_5de6e46cda20c5f0703812b2ad16ce00" time="0.222409" timestamp="2023_0310_07:12:58.965952 utc" classname="testcase_Ember_ESshmem"/>
		<testcase name="test_Ember_ESshmem_084_313eaa178de1b726836e6607cf248d41" time="0.227368" timestamp="2023_0310_07:12:59.188435 utc" classname="testcase_Ember_ESshmem"/>
		<testcase name="test_Ember_ESshmem_085_719e71be0c765f6ec685a849231a7e28" time="0.227611" timestamp="2023_0310_07:12:59.415878 utc" classname="testcase_Ember_ESshmem"/>
		<testcase name="test_Ember_ESshmem_086_825f62f6f600ba298326bdf69b5f52a4" time="0.216875" timestamp="2023_0310_07:12:59.643565 utc" classname="testcase_Ember_ESshmem"/>
		<testcase name="test_Ember_ESshmem_087_4235c525fdbab9153eb7a4056f9aab07" time="0.215353" timestamp="2023_0310_07:12:59.860516 utc" classname="testcase_Ember_ESshmem"/>
		<testcase name="test_Ember_ESshmem_088_31e15481b0a69e931f817a611bd186b4" time="0.216097" timestamp="2023_0310_07:13:00.075944 utc" classname="testcase_Ember_ESshmem"/>
		<testcase name="test_Ember_ESshmem_089_864398304944133f57f3301b923e64c2" time="0.216790" timestamp="2023_0310_07:13:00.292118 utc" classname="testcase_Ember_ESshmem"/>
		<testcase name="test_Ember_ESshmem_090_125a174d8ec68607a400ccd08a106912" time="0.219155" timestamp="2023_0310_07:13:00.508980 utc" classname="testcase_Ember_ESshmem"/>
		<testcase name="test_Ember_ESshmem_091_83da2374016bc103d7e1c476381780ab" time="0.214092" timestamp="2023_0310_07:13:00.728222 utc" classname="testcase_Ember_ESshmem"/>
		<testcase name="test_Ember_ESshmem_092_1adfd7ab5d105f65f194978755fa4008" time="0.216616" timestamp="2023_0310_07:13:00.942392 utc" classname="testcase_Ember_ESshmem"/>
		<testcase name="test_Ember_ESshmem_093_94ce7bc42c41226c3a3620a7196c34b6" time="0.217588" timestamp="2023_0310_07:13:01.159087 utc" classname="testcase_Ember_ESshmem"/>
		<testcase name="test_Ember_ESshmem_094_d976a31edc85f5f668c3e8c930a7444f" time="0.215432" timestamp="2023_0310_07:13:01.376755 utc" classname="testcase_Ember_ESshmem"/>
		<testcase name="test_Ember_ESshmem_095_61c31e462ae319be2afe7917c2cf8261" time="0.216663" timestamp="2023_0310_07:13:01.592271 utc" classname="testcase_Ember_ESshmem"/>
		<testcase name="test_Ember_ESshmem_096_1876d545867933035e3edae51ebb6922" time="0.217586" timestamp="2023_0310_07:13:01.809016 utc" classname="testcase_Ember_ESshmem"/>
		<testcase name="test_Ember_ESshmem_097_908a279f134958d01d357c1816c62ee7" time="0.219253" timestamp="2023_0310_07:13:02.026680 utc" classname="testcase_Ember_ESshmem"/>
		<testcase name="test_Ember_ESshmem_098_4a7ea790ab15c1d2c9298849fdc282cb" time="0.216085" timestamp="2023_0310_07:13:02.246006 utc" classname="testcase_Ember_ESshmem"/>
		<testcase name="test_Ember_ESshmem_099_99a9a8ef68701329f999b0b0850e1400" time="0.222984" timestamp="2023_0310_07:13:02.462166 utc" classname="testcase_Ember_ESshmem"/>
		<testcase name="test_Ember_ESshmem_100_4e01cc0a88838054e775aa7a4141af13" time="0.221122" timestamp="2023_0310_07:13:02.685235 utc" classname="testcase_Ember_ESshmem"/>
		<testcase name="test_Ember_ESshmem_101_56133053efeae3d7ef74bc7aa66a0d06" time="0.219133" timestamp="2023_0310_07:13:02.906430 utc" classname="testcase_Ember_ESshmem"/>
		<testcase name="test_Ember_ESshmem_102_7d42508b20ce6b4391751a06df3df00a" time="0.223018" timestamp="2023_0310_07:13:03.125643 utc" classname="testcase_Ember_ESshmem"/>
		<testcase name="test_Ember_ESshmem_103_1b34b05061c5058070a612445bc899d8" time="0.221819" timestamp="2023_0310_07:13:03.348740 utc" classname="testcase_Ember_ESshmem"/>
		<testcase name="test_Ember_ESshmem_104_67b4ce7286191bee72842b4950479a2c" time="0.221924" timestamp="2023_0310_07:13:03.570644 utc" classname="testcase_Ember_ESshmem"/>
		<testcase name="test_Ember_ESshmem_105_a674ea20bd174b74dedee21fd43e16bc" time="0.227751" timestamp="2023_0310_07:13:03.792654 utc" classname="testcase_Ember_ESshmem"/>
		<testcase name="test_Ember_ESshmem_106_cd86b5412ea0b0890cd0f92ebfcd83a6" time="0.217220" timestamp="2023_0310_07:13:04.020488 utc" classname="testcase_Ember_ESshmem"/>
		<testcase name="test_Ember_ESshmem_107_bc36733b69d250348d7e63a1b193444f" time="0.217969" timestamp="2023_0310_07:13:04.237785 utc" classname="testcase_Ember_ESshmem"/>
		<testcase name="test_Ember_ESshmem_108_3c0038c4be9eda97bc85469641f57aaf" time="0.216355" timestamp="2023_0310_07:13:04.455831 utc" classname="testcase_Ember_ESshmem"/>
		<testcase name="test_Ember_ESshmem_109_1a26ade0ee4de6663481765f67529f2d" time="0.225258" timestamp="2023_0310_07:13:04.672266 utc" classname="testcase_Ember_ESshmem"/>
		<testcase name="test_Ember_ESshmem_110_4ec46ab2f1d6e794b61664833c257f37" time="0.220642" timestamp="2023_0310_07:13:04.897600 utc" classname="testcase_Ember_ESshmem"/>
		<testcase name="test_Ember_ESshmem_111_bed45b3470382f1633ba6b99cf77d9be" time="0.217486" timestamp="2023_0310_07:13:05.118318 utc" classname="testcase_Ember_ESshmem"/>
		<testcase name="test_Ember_ESshmem_112_57a9aee6e6521cac86fdc4507a903307" time="0.423464" timestamp="2023_0310_07:13:05.335879 utc" classname="testcase_Ember_ESshmem"/>
		<testcase name="test_Ember_ESshmem_113_63c7271b0edc55185ef52bb6f848c547" time="0.230184" timestamp="2023_0310_07:13:05.759426 utc" classname="testcase_Ember_ESshmem"/>
		<testcase name="test_Ember_ESshmem_114_4b2fd1f1d9a59ff64aaa4510649525eb" time="0.481893" timestamp="2023_0310_07:13:05.989694 utc" classname="testcase_Ember_ESshmem"/>
		<testcase name="test_Ember_ESshmem_115_d6dd2c35563417f4fb945ad3362ecb9c" time="0.236693" timestamp="2023_0310_07:13:06.471684 utc" classname="testcase_Ember_ESshmem"/>
		<testcase name="test_Ember_ESshmem_116_afa5982dcb8f084e23018629634732e0" time="0.271194" timestamp="2023_0310_07:13:06.708469 utc" classname="testcase_Ember_ESshmem"/>
		<testcase name="test_Ember_ESshmem_117_3c1a798313220a6f398fa72fb7663254" time="0.229695" timestamp="2023_0310_07:13:06.979743 utc" classname="testcase_Ember_ESshmem"/>
		<testcase name="test_Ember_ESshmem_118_c1ca0f5826a8e5131964e070672cab0f" time="0.483406" timestamp="2023_0310_07:13:07.209522 utc" classname="testcase_Ember_ESshmem"/>
		<testcase name="test_Ember_ESshmem_119_cec2296f0ac1370617d72b0db25e346b" time="0.229239" timestamp="2023_0310_07:13:07.693011 utc" classname="testcase_Ember_ESshmem"/>
		<testcase name="test_Ember_ESshmem_120_5a845c05ec78a9ac364731f4a22f30fb" time="8.755250" timestamp="2023_0310_07:13:07.922322 utc" classname="testcase_Ember_ESshmem"/>
		<testcase name="test_Ember_ESshmem_121_80279cde7618ffd8b5073c4e05da2dee" time="0.218259" timestamp="2023_0310_07:13:16.677650 utc" classname="testcase_Ember_ESshmem"/>
		<testcase name="test_Ember_ESshmem_122_8609806b1ae1fe8e47f90ca7e608785f" time="0.258108" timestamp="2023_0310_07:13:16.895995 utc" classname="testcase_Ember_ESshmem"/>
		<testcase name="test_Ember_ESshmem_123_07c8fcaf8265aae176cdd48c226f5719" time="0.215613" timestamp="2023_0310_07:13:17.154184 utc" classname="testcase_Ember_ESshmem"/>
		<testcase name="test_Ember_ESshmem_124_f45cfd58a09cb512bec42a1bb30ca347" time="0.373839" timestamp="2023_0310_07:13:17.369876 utc" classname="testcase_Ember_ESshmem"/>
		<testcase name="test_Ember_ESshmem_125_56d186afacb520f350c17bb40e155a99" time="0.216440" timestamp="2023_0310_07:13:17.743794 utc" classname="testcase_Ember_ESshmem"/>
		<testcase name="test_Ember_ESshmem_126_23b2e8caf4b9ebd8087bbc701937f596" time="0.380638" timestamp="2023_0310_07:13:17.960310 utc" classname="testcase_Ember_ESshmem"/>
	</testsuite>
</testsuites>
