<?xml version="1.0" ?>
<testsuites disabled="0" errors="0" failures="0" tests="3" time="6.704353094100952" name="SST TESTING FRAMEWORKS">
	<testsuite disabled="0" errors="0" failures="0" name="testsuite_default_ember_qos" skipped="0" tests="3" time="6.704353094100952">
		<testcase name="test_qos_dragonfly" time="2.485150" timestamp="2023_0310_07:13:19.125687 utc" classname="testcase_QOS"/>
		<testcase name="test_qos_fattree" time="2.056348" timestamp="2023_0310_07:13:21.610891 utc" classname="testcase_QOS"/>
		<testcase name="test_qos_hyperx" time="2.162855" timestamp="2023_0310_07:13:23.667312 utc" classname="testcase_QOS"/>
	</testsuite>
</testsuites>
