<?xml version="1.0" ?>
<testsuites disabled="0" errors="0" failures="0" tests="3" time="2.176631212234497" name="SST TESTING FRAMEWORKS">
	<testsuite disabled="0" errors="0" failures="0" name="testsuite_default_cassini_prefetch" skipped="0" tests="3" time="2.176631212234497">
		<testcase name="test_cassini_prefetch_nextblock" time="0.703129" timestamp="2023_0310_07:11:23.543080 utc" classname="testcase_cassini_prefetch"/>
		<testcase name="test_cassini_prefetch_none" time="0.731796" timestamp="2023_0310_07:11:24.246306 utc" classname="testcase_cassini_prefetch"/>
		<testcase name="test_cassini_prefetch_stride" time="0.741706" timestamp="2023_0310_07:11:24.978262 utc" classname="testcase_cassini_prefetch"/>
	</testsuite>
</testsuites>
